Confusion Matrix level: implicit sentence: 2
                                  precision    recall  f1-score   support

the user finds the task too hard       0.27      0.86      0.41        50
the user finds the task too easy       1.00      0.78      0.88        50
                           other       0.88      0.54      0.67       250

                        accuracy                           0.62       350
                       macro avg       0.72      0.73      0.65       350
                    weighted avg       0.81      0.62      0.66       350

Mismatched interactions:
Index: 1, True: the user finds the task too hard, Predicted: other, Interaction: {'predicate': 'the user finds the task too hard', 'context': 'Drawing a Cat', 'phrases': [{'role': 'user', 'content': 'I am not happy with how this looks.'}, {'role': 'assistant', 'content': 'What part feels off to you?'}]}
Index: 6, True: the user finds the task too hard, Predicted: other, Interaction: {'predicate': 'the user finds the task too hard', 'context': 'Writing Letters', 'phrases': [{'role': 'user', 'content': 'My letters are messy.'}, {'role': 'assistant', 'content': 'Which letter are you working on?'}]}
Index: 12, True: the user finds the task too hard, Predicted: other, Interaction: {'predicate': 'the user finds the task too hard', 'context': 'Cutting Paper', 'phrases': [{'role': 'user', 'content': 'The scissors are not working properly.'}, {'role': 'assistant', 'content': 'Are you holding them correctly?'}]}
Index: 21, True: the user finds the task too hard, Predicted: other, Interaction: {'predicate': 'the user finds the task too hard', 'context': 'Drawing a Tree', 'phrases': [{'role': 'user', 'content': 'My tree does not look quite right.'}, {'role': 'assistant', 'content': 'What part does not look how you imagined?'}]}
Index: 30, True: the user finds the task too hard, Predicted: other, Interaction: {'predicate': 'the user finds the task too hard', 'context': 'Cleaning a Room', 'phrases': [{'role': 'user', 'content': 'There is too much stuff everywhere!'}, {'role': 'assistant', 'content': 'let us start with one area. Can you clear the desk?'}]}
Index: 42, True: the user finds the task too hard, Predicted: other, Interaction: {'predicate': 'the user finds the task too hard', 'context': 'Decorating a Cake', 'phrases': [{'role': 'user', 'content': 'I do not know how to make it look nice!'}, {'role': 'assistant', 'content': 'let us start with some frosting. Can you spread it evenly?'}]}
Index: 43, True: the user finds the task too hard, Predicted: other, Interaction: {'predicate': 'the user finds the task too hard', 'context': 'Drawing a House', 'phrases': [{'role': 'user', 'content': 'My house does not look quite right!'}, {'role': 'assistant', 'content': 'let us start with a square for the main part.'}]}
Index: 52, True: the user finds the task too easy, Predicted: other, Interaction: {'predicate': 'the user finds the task too easy', 'context': 'Building a Block Tower', 'phrases': [{'role': 'user', 'content': 'I am just stacking blocks.'}, {'role': 'assistant', 'content': 'What makes it feel like it is going smoothly?'}]}
Index: 55, True: the user finds the task too easy, Predicted: other, Interaction: {'predicate': 'the user finds the task too easy', 'context': 'Coloring Inside the Lines', 'phrases': [{'role': 'user', 'content': 'it is just filling in spaces.'}, {'role': 'assistant', 'content': 'What makes it feel so steady?'}]}
Index: 60, True: the user finds the task too easy, Predicted: other, Interaction: {'predicate': 'the user finds the task too easy', 'context': 'Building a LEGO Model', 'phrases': [{'role': 'user', 'content': 'I am just following the instructions.'}, {'role': 'assistant', 'content': 'What makes it feel like it is coming together so well?'}]}
Index: 62, True: the user finds the task too easy, Predicted: other, Interaction: {'predicate': 'the user finds the task too easy', 'context': 'Cutting Paper', 'phrases': [{'role': 'user', 'content': 'I am just cutting along the lines.'}, {'role': 'assistant', 'content': 'What makes it feel steady as you go?'}]}
Index: 71, True: the user finds the task too easy, Predicted: other, Interaction: {'predicate': 'the user finds the task too easy', 'context': 'Drawing a Tree', 'phrases': [{'role': 'user', 'content': 'The branches are very common to draw.'}, {'role': 'assistant', 'content': 'What makes the process feel steady?'}]}
Index: 81, True: the user finds the task too easy, Predicted: other, Interaction: {'predicate': 'the user finds the task too easy', 'context': 'Cleaning a Room', 'phrases': [{'role': 'user', 'content': 'I am picking things up without any trouble.'}, {'role': 'assistant', 'content': 'What makes tidying up feel steady?'}]}
Index: 86, True: the user finds the task too easy, Predicted: other, Interaction: {'predicate': 'the user finds the task too easy', 'context': 'Organizing Toys', 'phrases': [{'role': 'user', 'content': 'I am just putting toys in boxes.'}, {'role': 'assistant', 'content': 'What makes organizing them feel smooth?'}]}
Index: 88, True: the user finds the task too easy, Predicted: other, Interaction: {'predicate': 'the user finds the task too easy', 'context': 'Folding Clothes', 'phrases': [{'role': 'user', 'content': 'Uff, folding again...'}, {'role': 'assistant', 'content': 'What makes the task feel steady?'}]}
Index: 90, True: the user finds the task too easy, Predicted: other, Interaction: {'predicate': 'the user finds the task too easy', 'context': 'Building a LEGO Model', 'phrases': [{'role': 'user', 'content': 'I am following the instructions, and it is going well.'}, {'role': 'assistant', 'content': 'What makes putting it together feel steady?'}]}
Index: 91, True: the user finds the task too easy, Predicted: other, Interaction: {'predicate': 'the user finds the task too easy', 'context': 'Learning to Tie a Bow', 'phrases': [{'role': 'user', 'content': 'I can tie a bow smoothly.'}, {'role': 'assistant', 'content': 'What about it feels steady for you?'}]}
Index: 99, True: the user finds the task too easy, Predicted: other, Interaction: {'predicate': 'the user finds the task too easy', 'context': 'Organizing Books', 'phrases': [{'role': 'user', 'content': 'I am just putting the books on the shelf.'}, {'role': 'assistant', 'content': 'What makes organizing them feel steady?'}]}
Index: 101, True: other, Predicted: the user finds the task too hard, Interaction: {'predicate': 'the user feels bored', 'context': 'Drawing a Cat', 'phrases': [{'role': 'user', 'content': 'I do not want to draw this.'}, {'role': 'assistant', 'content': 'Hmm, are you feeling like something else might be more fun?'}]}
Index: 103, True: other, Predicted: the user finds the task too hard, Interaction: {'predicate': 'the user feels bored', 'context': 'Puzzle Game', 'phrases': [{'role': 'user', 'content': 'I do not want to do this anymore.'}, {'role': 'assistant', 'content': 'Hmm, it seems like something is making it hard to focus on this?'}]}
Index: 104, True: other, Predicted: the user finds the task too hard, Interaction: {'predicate': 'the user feels bored', 'context': 'Learning to Tie Shoes', 'phrases': [{'role': 'user', 'content': 'I do not feel like practicing this anymore.'}, {'role': 'assistant', 'content': 'Hmm, is this feeling a bit tricky today?'}]}
Index: 109, True: other, Predicted: the user finds the task too hard, Interaction: {'predicate': 'the user feels bored', 'context': 'Baking Cookies', 'phrases': [{'role': 'user', 'content': 'I do not want to keep doing this.'}, {'role': 'assistant', 'content': 'Hmm, is there something else on your mind right now?'}]}
Index: 110, True: other, Predicted: the user finds the task too hard, Interaction: {'predicate': 'the user feels bored', 'context': 'Building a LEGO Model', 'phrases': [{'role': 'user', 'content': 'I do not want to keep building this.'}, {'role': 'assistant', 'content': 'Hmm, is there something you would rather work on right now?'}]}
Index: 113, True: other, Predicted: the user finds the task too hard, Interaction: {'predicate': 'the user feels bored', 'context': 'Counting Coins', 'phrases': [{'role': 'user', 'content': 'I do not want to count these anymore.'}, {'role': 'assistant', 'content': 'Hmm, it seems like your attention might be shifting a little?'}]}
Index: 115, True: other, Predicted: the user finds the task too hard, Interaction: {'predicate': 'the user feels bored', 'context': 'Following Dance Moves', 'phrases': [{'role': 'user', 'content': 'I do not want to keep practicing these.'}, {'role': 'assistant', 'content': 'Hmm, is there something else catching your interest?'}]}
Index: 118, True: other, Predicted: the user finds the task too hard, Interaction: {'predicate': 'the user feels bored', 'context': 'Telling Time', 'phrases': [{'role': 'user', 'content': 'I do not want to keep doing this anymore.'}, {'role': 'assistant', 'content': 'Hmm, is your focus feeling a little scattered right now?'}]}
Index: 122, True: other, Predicted: the user finds the task too hard, Interaction: {'predicate': 'the user feels bored', 'context': 'Puzzle Game', 'phrases': [{'role': 'user', 'content': 'I do not want to do this puzzle anymore.'}, {'role': 'assistant', 'content': 'Hmm, is your mind drifting to something else right now?'}]}
Index: 125, True: other, Predicted: the user finds the task too hard, Interaction: {'predicate': 'the user feels bored', 'context': 'Playing a Maze Game', 'phrases': [{'role': 'user', 'content': 'I do not want to do this maze anymore.'}, {'role': 'assistant', 'content': 'Hmm, is something else catching your interest?'}]}
Index: 128, True: other, Predicted: the user finds the task too hard, Interaction: {'predicate': 'the user feels bored', 'context': 'Learning a Dance', 'phrases': [{'role': 'user', 'content': 'I do not want to practice this anymore.'}, {'role': 'assistant', 'content': 'Hmm, is there something else you would rather focus on?'}]}
Index: 132, True: other, Predicted: the user finds the task too hard, Interaction: {'predicate': 'the user feels bored', 'context': 'Tying Shoes', 'phrases': [{'role': 'user', 'content': 'I do not want to keep practicing.'}, {'role': 'assistant', 'content': 'Hmm, is there something else you are drawn to instead?'}]}
Index: 141, True: other, Predicted: the user finds the task too hard, Interaction: {'predicate': 'the user feels bored', 'context': 'Learning to Tie a Bow', 'phrases': [{'role': 'user', 'content': 'I do not want to keep practicing this.'}, {'role': 'assistant', 'content': 'Hmm, is there something else you would rather try?'}]}
Index: 142, True: other, Predicted: the user finds the task too hard, Interaction: {'predicate': 'the user feels bored', 'context': 'Doing a Science Experiment', 'phrases': [{'role': 'user', 'content': 'I do not feel like doing this anymore.'}, {'role': 'assistant', 'content': 'Hmm, is there something else catching your interest?'}]}
Index: 143, True: other, Predicted: the user finds the task too hard, Interaction: {'predicate': 'the user feels bored', 'context': 'Assembling a Model Car', 'phrases': [{'role': 'user', 'content': 'I do not want to finish this. it is not fun.'}, {'role': 'assistant', 'content': 'Hmm, is your attention being drawn elsewhere?'}]}
Index: 146, True: other, Predicted: the user finds the task too hard, Interaction: {'predicate': 'the user feels bored', 'context': 'Arranging Dominoes', 'phrases': [{'role': 'user', 'content': 'I do not want to keep doing this anymore.'}, {'role': 'assistant', 'content': 'Hmm, is your attention shifting to something else?'}]}
Index: 147, True: other, Predicted: the user finds the task too hard, Interaction: {'predicate': 'the user feels bored', 'context': 'Solving a Word Search', 'phrases': [{'role': 'user', 'content': 'I do not want to do this anymore.'}, {'role': 'assistant', 'content': 'Hmm, is your focus moving to something else?'}]}
Index: 149, True: other, Predicted: the user finds the task too hard, Interaction: {'predicate': 'the user feels bored', 'context': 'Organizing Books', 'phrases': [{'role': 'user', 'content': 'I do not want to keep organizing these.'}, {'role': 'assistant', 'content': 'Hmm, is something else pulling your attention?'}]}
Index: 150, True: other, Predicted: the user finds the task too hard, Interaction: {'predicate': 'the user feels tired', 'context': 'Math Homework', 'phrases': [{'role': 'user', 'content': 'I cannot do this anymore.'}, {'role': 'assistant', 'content': 'what is making it hard to keep going?'}]}
Index: 151, True: other, Predicted: the user finds the task too hard, Interaction: {'predicate': 'the user feels tired', 'context': 'Drawing a Cat', 'phrases': [{'role': 'user', 'content': 'I do not want to draw anymore.'}, {'role': 'assistant', 'content': 'what is going on?'}]}
Index: 152, True: other, Predicted: the user finds the task too hard, Interaction: {'predicate': 'the user feels tired', 'context': 'Building a Block Tower', 'phrases': [{'role': 'user', 'content': 'I cannot build this anymore.'}, {'role': 'assistant', 'content': 'what is stopping you from continuing?'}]}
Index: 153, True: other, Predicted: the user finds the task too hard, Interaction: {'predicate': 'the user feels tired', 'context': 'Puzzle Game', 'phrases': [{'role': 'user', 'content': 'This puzzle is too much!'}, {'role': 'assistant', 'content': 'what is making it difficult now?'}]}
Index: 154, True: other, Predicted: the user finds the task too hard, Interaction: {'predicate': 'the user feels tired', 'context': 'Learning to Tie Shoes', 'phrases': [{'role': 'user', 'content': 'I am done with this.'}, {'role': 'assistant', 'content': 'what is making this so hard right now?'}]}
Index: 155, True: other, Predicted: the user finds the task too hard, Interaction: {'predicate': 'the user feels tired', 'context': 'Coloring Inside the Lines', 'phrases': [{'role': 'user', 'content': 'I am not doing this anymore.'}, {'role': 'assistant', 'content': 'What part is not working for you right now?'}]}
Index: 157, True: other, Predicted: the user finds the task too hard, Interaction: {'predicate': 'the user feels tired', 'context': 'Playing a Board Game', 'phrases': [{'role': 'user', 'content': 'I do not get it anymore.'}, {'role': 'assistant', 'content': 'what is confusing about the game?'}]}
Index: 158, True: other, Predicted: the user finds the task too hard, Interaction: {'predicate': 'the user feels tired', 'context': 'Reading a Book', 'phrases': [{'role': 'user', 'content': 'I do not want to read anymore.'}, {'role': 'assistant', 'content': 'what is making it hard to keep going?'}]}
Index: 159, True: other, Predicted: the user finds the task too hard, Interaction: {'predicate': 'the user feels tired', 'context': 'Baking Cookies', 'phrases': [{'role': 'user', 'content': 'I am not baking anymore.'}, {'role': 'assistant', 'content': 'What part of baking feels tough right now?'}]}
Index: 161, True: other, Predicted: the user finds the task too hard, Interaction: {'predicate': 'the user feels tired', 'context': 'Sorting Shapes', 'phrases': [{'role': 'user', 'content': 'I am not sorting these anymore.'}, {'role': 'assistant', 'content': 'What part of sorting is tricky right now?'}]}
Index: 162, True: other, Predicted: the user finds the task too hard, Interaction: {'predicate': 'the user feels tired', 'context': 'Cutting Paper', 'phrases': [{'role': 'user', 'content': 'I do not want to cut anymore.'}, {'role': 'assistant', 'content': 'what is making it hard to keep going?'}]}
Index: 163, True: other, Predicted: the user finds the task too hard, Interaction: {'predicate': 'the user feels tired', 'context': 'Counting Coins', 'phrases': [{'role': 'user', 'content': 'I do not want to count these anymore.'}, {'role': 'assistant', 'content': 'what is making counting difficult right now?'}]}
Index: 165, True: other, Predicted: the user finds the task too hard, Interaction: {'predicate': 'the user feels tired', 'context': 'Following Dance Moves', 'phrases': [{'role': 'user', 'content': 'I cannot dance anymore.'}, {'role': 'assistant', 'content': 'What part of the dance feels hard?'}]}
Index: 167, True: other, Predicted: the user finds the task too hard, Interaction: {'predicate': 'the user feels tired', 'context': 'Planting Seeds', 'phrases': [{'role': 'user', 'content': 'I do not feel like planting anymore.'}, {'role': 'assistant', 'content': 'what is making it hard to keep planting?'}]}
Index: 169, True: other, Predicted: the user finds the task too hard, Interaction: {'predicate': 'the user feels tired', 'context': 'Playing a Maze Game', 'phrases': [{'role': 'user', 'content': 'I do not want to play this maze anymore.'}, {'role': 'assistant', 'content': 'What part of the maze is hard to solve?'}]}
Index: 170, True: other, Predicted: the user finds the task too hard, Interaction: {'predicate': 'the user feels tired', 'context': 'Math Homework', 'phrases': [{'role': 'user', 'content': 'I do not think I can do this.'}, {'role': 'assistant', 'content': 'what is making it hard for you to keep going?'}]}
Index: 171, True: other, Predicted: the user finds the task too hard, Interaction: {'predicate': 'the user feels tired', 'context': 'Drawing a Tree', 'phrases': [{'role': 'user', 'content': 'I do not feel like drawing anymore.'}, {'role': 'assistant', 'content': 'what is making it hard to continue?'}]}
Index: 172, True: other, Predicted: the user finds the task too hard, Interaction: {'predicate': 'the user feels tired', 'context': 'Puzzle Game', 'phrases': [{'role': 'user', 'content': 'I do not want to keep doing this.'}, {'role': 'assistant', 'content': 'what is stopping you from finishing the puzzle?'}]}
Index: 173, True: other, Predicted: the user finds the task too hard, Interaction: {'predicate': 'the user feels tired', 'context': 'Coloring a Picture', 'phrases': [{'role': 'user', 'content': 'I cannot color anymore.'}, {'role': 'assistant', 'content': 'what is making it hard to keep going?'}]}
Index: 175, True: other, Predicted: the user finds the task too hard, Interaction: {'predicate': 'the user feels tired', 'context': 'Playing a Maze Game', 'phrases': [{'role': 'user', 'content': 'I am done with the maze.'}, {'role': 'assistant', 'content': 'what is making it hard to keep playing?'}]}
Index: 176, True: other, Predicted: the user finds the task too hard, Interaction: {'predicate': 'the user feels tired', 'context': 'Building a Block Tower', 'phrases': [{'role': 'user', 'content': 'I do not want to build anymore.'}, {'role': 'assistant', 'content': 'what is making it hard to keep going?'}]}
Index: 177, True: other, Predicted: the user finds the task too hard, Interaction: {'predicate': 'the user feels tired', 'context': 'Reading a Book', 'phrases': [{'role': 'user', 'content': 'I do not want to read anymore.'}, {'role': 'assistant', 'content': 'what is making it hard to keep reading?'}]}
Index: 178, True: other, Predicted: the user finds the task too hard, Interaction: {'predicate': 'the user feels tired', 'context': 'Learning a Dance', 'phrases': [{'role': 'user', 'content': 'I am done with this dance.'}, {'role': 'assistant', 'content': 'what is making it hard to keep going?'}]}
Index: 179, True: other, Predicted: the user finds the task too hard, Interaction: {'predicate': 'the user feels tired', 'context': 'Baking Cookies', 'phrases': [{'role': 'user', 'content': 'I cannot bake anymore.'}, {'role': 'assistant', 'content': 'what is making it hard to keep going?'}]}
Index: 180, True: other, Predicted: the user finds the task too hard, Interaction: {'predicate': 'the user feels tired', 'context': 'Sorting Coins', 'phrases': [{'role': 'user', 'content': 'I cannot sort these anymore.'}, {'role': 'assistant', 'content': 'what is making it hard to keep going?'}]}
Index: 181, True: other, Predicted: the user finds the task too hard, Interaction: {'predicate': 'the user feels tired', 'context': 'Cleaning a Room', 'phrases': [{'role': 'user', 'content': 'I cannot clean anymore.'}, {'role': 'assistant', 'content': 'what is making it hard to keep going?'}]}
Index: 183, True: other, Predicted: the user finds the task too hard, Interaction: {'predicate': 'the user feels tired', 'context': 'Writing Letters', 'phrases': [{'role': 'user', 'content': 'I cannot write anymore.'}, {'role': 'assistant', 'content': 'what is making it hard to keep writing?'}]}
Index: 185, True: other, Predicted: the user finds the task too hard, Interaction: {'predicate': 'the user feels tired', 'context': 'Sorting Laundry', 'phrases': [{'role': 'user', 'content': 'I do not want to do this anymore.'}, {'role': 'assistant', 'content': 'what is making it difficult to continue?'}]}
Index: 187, True: other, Predicted: the user finds the task too hard, Interaction: {'predicate': 'the user feels tired', 'context': 'Playing a Video Game', 'phrases': [{'role': 'user', 'content': 'I do not want to play this anymore.'}, {'role': 'assistant', 'content': 'what is making it hard to keep playing?'}]}
Index: 188, True: other, Predicted: the user finds the task too hard, Interaction: {'predicate': 'the user feels tired', 'context': 'Folding Clothes', 'phrases': [{'role': 'user', 'content': 'I do not want to fold these anymore.'}, {'role': 'assistant', 'content': 'what is making it difficult to continue?'}]}
Index: 189, True: other, Predicted: the user finds the task too hard, Interaction: {'predicate': 'the user feels tired', 'context': 'Stringing Beads', 'phrases': [{'role': 'user', 'content': 'I cannot do this anymore.'}, {'role': 'assistant', 'content': 'what is making it hard to keep stringing beads?'}]}
Index: 190, True: other, Predicted: the user finds the task too hard, Interaction: {'predicate': 'the user feels tired', 'context': 'Building a LEGO Model', 'phrases': [{'role': 'user', 'content': 'I cannot build anymore.'}, {'role': 'assistant', 'content': 'what is making it hard to keep going?'}]}
Index: 191, True: other, Predicted: the user finds the task too hard, Interaction: {'predicate': 'the user feels tired', 'context': 'Learning to Tie a Bow', 'phrases': [{'role': 'user', 'content': 'I cannot tie this bow anymore.'}, {'role': 'assistant', 'content': 'what is making it hard to keep going?'}]}
Index: 192, True: other, Predicted: the user finds the task too hard, Interaction: {'predicate': 'the user feels tired', 'context': 'Doing a Science Experiment', 'phrases': [{'role': 'user', 'content': 'I cannot do this experiment anymore.'}, {'role': 'assistant', 'content': 'what is stopping you from continuing?'}]}
Index: 193, True: other, Predicted: the user finds the task too hard, Interaction: {'predicate': 'the user feels tired', 'context': 'Assembling a Model Car', 'phrases': [{'role': 'user', 'content': 'I cannot do this anymore.'}, {'role': 'assistant', 'content': 'what is making it hard to keep assembling?'}]}
Index: 194, True: other, Predicted: the user finds the task too hard, Interaction: {'predicate': 'the user feels tired', 'context': 'Playing a Board Game', 'phrases': [{'role': 'user', 'content': 'I do not want to play this anymore.'}, {'role': 'assistant', 'content': 'what is making it hard to keep playing?'}]}
Index: 195, True: other, Predicted: the user finds the task too hard, Interaction: {'predicate': 'the user feels tired', 'context': 'Making a Paper Airplane', 'phrases': [{'role': 'user', 'content': 'I do not want to make this airplane anymore.'}, {'role': 'assistant', 'content': 'what is making it difficult to keep going?'}]}
Index: 196, True: other, Predicted: the user finds the task too hard, Interaction: {'predicate': 'the user feels tired', 'context': 'Arranging Dominoes', 'phrases': [{'role': 'user', 'content': 'I do not feel like arranging these anymore.'}, {'role': 'assistant', 'content': 'what is making it hard to keep going?'}]}
Index: 197, True: other, Predicted: the user finds the task too hard, Interaction: {'predicate': 'the user feels tired', 'context': 'Solving a Word Search', 'phrases': [{'role': 'user', 'content': 'I cannot do this anymore.'}, {'role': 'assistant', 'content': 'what is making it hard to keep going?'}]}
Index: 198, True: other, Predicted: the user finds the task too hard, Interaction: {'predicate': 'the user feels tired', 'context': 'Packing a Bag', 'phrases': [{'role': 'user', 'content': 'I do not want to pack this bag anymore.'}, {'role': 'assistant', 'content': 'what is making it hard to continue?'}]}
Index: 200, True: other, Predicted: the user finds the task too hard, Interaction: {'predicate': 'the user is hungry', 'context': 'Math Homework', 'phrases': [{'role': 'user', 'content': 'This is too hard! I cannot think. I am just not getting it!'}, {'role': 'assistant', 'content': 'Oh no! what is making it tough?'}]}
Index: 201, True: other, Predicted: the user finds the task too hard, Interaction: {'predicate': 'the user is hungry', 'context': 'Drawing a Cat', 'phrases': [{'role': 'user', 'content': 'I cannot draw anymore! This is not working!'}, {'role': 'assistant', 'content': 'Oh no, what is making it difficult?'}]}
Index: 202, True: other, Predicted: the user finds the task too hard, Interaction: {'predicate': 'the user is hungry', 'context': 'Building a Block Tower', 'phrases': [{'role': 'user', 'content': 'This tower keeps falling down! I cannot focus!'}, {'role': 'assistant', 'content': 'Oh no, what part is making the tower difficult to build?'}]}
Index: 203, True: other, Predicted: the user finds the task too hard, Interaction: {'predicate': 'the user is hungry', 'context': 'Puzzle Game', 'phrases': [{'role': 'user', 'content': 'I cannot do this puzzle! it is too much!'}, {'role': 'assistant', 'content': 'I see. What piece is giving you trouble?'}]}
Index: 204, True: other, Predicted: the user finds the task too hard, Interaction: {'predicate': 'the user is hungry', 'context': 'Learning to Tie Shoes', 'phrases': [{'role': 'user', 'content': 'I cannot do this! The loops keep slipping!'}, {'role': 'assistant', 'content': 'What part of the loops is tricky for you?'}]}
Index: 205, True: other, Predicted: the user finds the task too hard, Interaction: {'predicate': 'the user is hungry', 'context': 'Coloring Inside the Lines', 'phrases': [{'role': 'user', 'content': 'I cannot do this! My hands keep shaking!'}, {'role': 'assistant', 'content': 'Oh no, what part of coloring is causing trouble?'}]}
Index: 206, True: other, Predicted: the user finds the task too hard, Interaction: {'predicate': 'the user is hungry', 'context': 'Writing Letters', 'phrases': [{'role': 'user', 'content': 'My letters are so messy! I cannot do this!'}, {'role': 'assistant', 'content': 'What part of writing is difficult?'}]}
Index: 207, True: other, Predicted: the user finds the task too hard, Interaction: {'predicate': 'the user is hungry', 'context': 'Playing a Board Game', 'phrases': [{'role': 'user', 'content': 'I do not get this game! I am so lost!'}, {'role': 'assistant', 'content': 'I see, what part of the game is confusing?'}]}
Index: 208, True: other, Predicted: the user finds the task too hard, Interaction: {'predicate': 'the user is hungry', 'context': 'Reading a Book', 'phrases': [{'role': 'user', 'content': 'These words are too hard! I cannot focus on this!'}, {'role': 'assistant', 'content': 'What word is giving you trouble?'}]}
Index: 209, True: other, Predicted: the user finds the task too hard, Interaction: {'predicate': 'the user is hungry', 'context': 'Baking Cookies', 'phrases': [{'role': 'user', 'content': 'I cannot do this! This is too much!'}, {'role': 'assistant', 'content': 'What part is making it difficult?'}]}
Index: 210, True: other, Predicted: the user finds the task too hard, Interaction: {'predicate': 'the user is hungry', 'context': 'Building a LEGO Model', 'phrases': [{'role': 'user', 'content': 'This is too tricky! I cannot focus!'}, {'role': 'assistant', 'content': 'What part of the model is making it hard to finish?'}]}
Index: 211, True: other, Predicted: the user finds the task too hard, Interaction: {'predicate': 'the user is hungry', 'context': 'Sorting Shapes', 'phrases': [{'role': 'user', 'content': 'This is too confusing! I cannot keep up!'}, {'role': 'assistant', 'content': 'What part of sorting is tough?'}]}
Index: 212, True: other, Predicted: the user finds the task too hard, Interaction: {'predicate': 'the user is hungry', 'context': 'Cutting Paper', 'phrases': [{'role': 'user', 'content': 'This is impossible! I cannot get it right!'}, {'role': 'assistant', 'content': 'What part of cutting is making it difficult?'}]}
Index: 213, True: other, Predicted: the user finds the task too hard, Interaction: {'predicate': 'the user is hungry', 'context': 'Counting Coins', 'phrases': [{'role': 'user', 'content': 'I cannot do this! it is too confusing!'}, {'role': 'assistant', 'content': 'What part of counting is tricky?'}]}
Index: 214, True: other, Predicted: the user finds the task too hard, Interaction: {'predicate': 'the user is hungry', 'context': 'Setting the Table', 'phrases': [{'role': 'user', 'content': 'This is too much! I cannot get it right!'}, {'role': 'assistant', 'content': 'What part of setting the table is causing trouble?'}]}
Index: 215, True: other, Predicted: the user finds the task too hard, Interaction: {'predicate': 'the user is hungry', 'context': 'Following Dance Moves', 'phrases': [{'role': 'user', 'content': 'I cannot do this! I keep falling over!'}, {'role': 'assistant', 'content': 'What part of the dance is making it tough?'}]}
Index: 216, True: other, Predicted: the user finds the task too hard, Interaction: {'predicate': 'the user is hungry', 'context': 'Matching Cards', 'phrases': [{'role': 'user', 'content': 'I cannot do this! I do not get it!'}, {'role': 'assistant', 'content': 'What part of the game is confusing?'}]}
Index: 217, True: other, Predicted: the user finds the task too hard, Interaction: {'predicate': 'the user is hungry', 'context': 'Planting Seeds', 'phrases': [{'role': 'user', 'content': 'This is impossible! I just cannot do it!'}, {'role': 'assistant', 'content': 'What part of planting is difficult?'}]}
Index: 218, True: other, Predicted: the user finds the task too hard, Interaction: {'predicate': 'the user is hungry', 'context': 'Telling Time', 'phrases': [{'role': 'user', 'content': 'I do not get this! I cannot focus on the clock!'}, {'role': 'assistant', 'content': 'What part of telling time is difficult?'}]}
Index: 219, True: other, Predicted: the user finds the task too hard, Interaction: {'predicate': 'the user is hungry', 'context': 'Playing a Maze Game', 'phrases': [{'role': 'user', 'content': 'This is impossible! I just cannot do it!'}, {'role': 'assistant', 'content': 'What part of the maze is tough?'}]}
Index: 220, True: other, Predicted: the user finds the task too hard, Interaction: {'predicate': 'the user is hungry', 'context': 'Math Homework', 'phrases': [{'role': 'user', 'content': 'This is impossible! I just do not get it!'}, {'role': 'assistant', 'content': 'what is confusing about the problem?'}]}
Index: 221, True: other, Predicted: the user finds the task too hard, Interaction: {'predicate': 'the user is hungry', 'context': 'Drawing a Tree', 'phrases': [{'role': 'user', 'content': 'My tree looks terrible! I cannot finish it!'}, {'role': 'assistant', 'content': 'What part of the tree is difficult?'}]}
Index: 223, True: other, Predicted: the user finds the task too hard, Interaction: {'predicate': 'the user is hungry', 'context': 'Coloring a Picture', 'phrases': [{'role': 'user', 'content': 'I cannot do this anymore! I keep messing up!'}, {'role': 'assistant', 'content': 'What part of coloring is causing trouble?'}]}
Index: 224, True: other, Predicted: the user finds the task too hard, Interaction: {'predicate': 'the user is hungry', 'context': 'Writing a Story', 'phrases': [{'role': 'user', 'content': 'I cannot do this! My mind is just blank!'}, {'role': 'assistant', 'content': 'What part is difficult?'}]}
Index: 225, True: other, Predicted: the user finds the task too hard, Interaction: {'predicate': 'the user is hungry', 'context': 'Playing a Maze Game', 'phrases': [{'role': 'user', 'content': 'This is impossible! I cannot think of a way out!'}, {'role': 'assistant', 'content': 'What part of the maze is difficult?'}]}
Index: 226, True: other, Predicted: the user finds the task too hard, Interaction: {'predicate': 'the user is hungry', 'context': 'Building a Block Tower', 'phrases': [{'role': 'user', 'content': 'This tower keeps falling down! I cannot focus!'}, {'role': 'assistant', 'content': 'What part of the tower is causing trouble?'}]}
Index: 227, True: other, Predicted: the user finds the task too hard, Interaction: {'predicate': 'the user is hungry', 'context': 'Reading a Book', 'phrases': [{'role': 'user', 'content': 'I cannot do this! I just cannot concentrate!'}, {'role': 'assistant', 'content': 'What part of the reading is tricky?'}]}
Index: 228, True: other, Predicted: the user finds the task too hard, Interaction: {'predicate': 'the user is hungry', 'context': 'Learning a Dance', 'phrases': [{'role': 'user', 'content': 'This is too hard! I keep stumbling!'}, {'role': 'assistant', 'content': 'What part of the dance is tricky?'}]}
Index: 229, True: other, Predicted: the user finds the task too hard, Interaction: {'predicate': 'the user is hungry', 'context': 'Baking Cookies', 'phrases': [{'role': 'user', 'content': 'This is too much! I just cannot get it right!'}, {'role': 'assistant', 'content': 'What part is hard for you in baking?'}]}
Index: 230, True: other, Predicted: the user finds the task too hard, Interaction: {'predicate': 'the user is hungry', 'context': 'Sorting Coins', 'phrases': [{'role': 'user', 'content': 'I cannot do this! I cannot think clearly!'}, {'role': 'assistant', 'content': 'What part of sorting is difficult?'}]}
Index: 231, True: other, Predicted: the user finds the task too hard, Interaction: {'predicate': 'the user is hungry', 'context': 'Cleaning a Room', 'phrases': [{'role': 'user', 'content': 'I cannot do this! it is too much!'}, {'role': 'assistant', 'content': 'What part of cleaning is overwhelming?'}]}
Index: 232, True: other, Predicted: the user finds the task too hard, Interaction: {'predicate': 'the user is hungry', 'context': 'Tying Shoes', 'phrases': [{'role': 'user', 'content': 'I just cannot do this! it is too hard!'}, {'role': 'assistant', 'content': 'What part of tying your shoes is tricky?'}]}
Index: 233, True: other, Predicted: the user finds the task too hard, Interaction: {'predicate': 'the user is hungry', 'context': 'Writing Letters', 'phrases': [{'role': 'user', 'content': 'This is not working! I cannot get it right!'}, {'role': 'assistant', 'content': 'What part of writing is difficult?'}]}
Index: 234, True: other, Predicted: the user finds the task too hard, Interaction: {'predicate': 'the user is hungry', 'context': 'Playing a Card Game', 'phrases': [{'role': 'user', 'content': 'I do not get it! I am stuck!'}, {'role': 'assistant', 'content': 'What part of the game is confusing?'}]}
Index: 235, True: other, Predicted: the user finds the task too hard, Interaction: {'predicate': 'the user is hungry', 'context': 'Sorting Laundry', 'phrases': [{'role': 'user', 'content': 'I cannot do this! it is too confusing!'}, {'role': 'assistant', 'content': 'What part of sorting is tough?'}]}
Index: 236, True: other, Predicted: the user finds the task too hard, Interaction: {'predicate': 'the user is hungry', 'context': 'Organizing Toys', 'phrases': [{'role': 'user', 'content': 'This is too hard! it is too much to do!'}, {'role': 'assistant', 'content': 'What part of organizing is tough?'}]}
Index: 237, True: other, Predicted: the user finds the task too hard, Interaction: {'predicate': 'the user is hungry', 'context': 'Playing a Video Game', 'phrases': [{'role': 'user', 'content': 'I cannot do this! I keep losing!'}, {'role': 'assistant', 'content': 'What part of the game is giving you trouble?'}]}
Index: 238, True: other, Predicted: the user finds the task too hard, Interaction: {'predicate': 'the user is hungry', 'context': 'Folding Clothes', 'phrases': [{'role': 'user', 'content': 'This is too hard! I cannot do it!'}, {'role': 'assistant', 'content': 'What part of folding is tough for you?'}]}
Index: 239, True: other, Predicted: the user finds the task too hard, Interaction: {'predicate': 'the user is hungry', 'context': 'Stringing Beads', 'phrases': [{'role': 'user', 'content': 'This is too tricky! I am done!'}, {'role': 'assistant', 'content': 'What part of stringing beads is difficult?'}]}
Index: 240, True: other, Predicted: the user finds the task too hard, Interaction: {'predicate': 'the user is hungry', 'context': 'Building a LEGO Model', 'phrases': [{'role': 'user', 'content': 'I cannot do this! I am stuck!'}, {'role': 'assistant', 'content': 'What part of the model is confusing you?'}]}
Index: 241, True: other, Predicted: the user finds the task too hard, Interaction: {'predicate': 'the user is hungry', 'context': 'Learning to Tie a Bow', 'phrases': [{'role': 'user', 'content': 'I cannot do this! it is too complicated!'}, {'role': 'assistant', 'content': 'What part of tying the bow is tricky?'}]}
Index: 242, True: other, Predicted: the user finds the task too hard, Interaction: {'predicate': 'the user is hungry', 'context': 'Doing a Science Experiment', 'phrases': [{'role': 'user', 'content': 'I cannot figure this out! it is too confusing!'}, {'role': 'assistant', 'content': 'What part of the experiment is tough?'}]}
Index: 243, True: other, Predicted: the user finds the task too hard, Interaction: {'predicate': 'the user is hungry', 'context': 'Assembling a Model Car', 'phrases': [{'role': 'user', 'content': 'I cannot do this anymore!'}, {'role': 'assistant', 'content': 'what is going on?'}]}
Index: 244, True: other, Predicted: the user finds the task too hard, Interaction: {'predicate': 'the user is hungry', 'context': 'Playing a Board Game', 'phrases': [{'role': 'user', 'content': 'I just do not get it! This game is too hard!'}, {'role': 'assistant', 'content': 'What part of the game is confusing you?'}]}
Index: 245, True: other, Predicted: the user finds the task too hard, Interaction: {'predicate': 'the user is hungry', 'context': 'Playing a Board Game', 'phrases': [{'role': 'user', 'content': 'I just do not get it! This game is too hard!'}, {'role': 'assistant', 'content': 'What part of the game is confusing you?'}]}
Index: 246, True: other, Predicted: the user finds the task too hard, Interaction: {'predicate': 'the user is hungry', 'context': 'Making a Paper Airplane', 'phrases': [{'role': 'user', 'content': 'This is too hard! I am done!'}, {'role': 'assistant', 'content': 'What part of making the airplane is difficult for you?'}]}
Index: 247, True: other, Predicted: the user finds the task too hard, Interaction: {'predicate': 'the user is hungry', 'context': 'Arranging Dominoes', 'phrases': [{'role': 'user', 'content': 'I cannot do this! They keep falling down!'}, {'role': 'assistant', 'content': 'What part of arranging the dominoes is tricky?'}]}
Index: 248, True: other, Predicted: the user finds the task too hard, Interaction: {'predicate': 'the user is hungry', 'context': 'Solving a Word Search', 'phrases': [{'role': 'user', 'content': 'I cannot do it! I cannot find anything!'}, {'role': 'assistant', 'content': 'What part of the word search is tricky?'}]}
Index: 249, True: other, Predicted: the user finds the task too hard, Interaction: {'predicate': 'the user is hungry', 'context': 'Packing a Bag', 'phrases': [{'role': 'user', 'content': 'I cannot do this! it is too much!'}, {'role': 'assistant', 'content': 'What part of packing is confusing you?'}]}
Index: 304, True: other, Predicted: the user finds the task too hard, Interaction: {'predicate': 'the user is fussy about the task details', 'context': 'Playing with Puzzles', 'phrases': [{'role': 'user', 'content': 'I cannot stop now! The pieces are not fitting yet!'}, {'role': 'assistant', 'content': 'you have been working on this puzzle for a while. Shall we pause?'}]}
Index: 305, True: other, Predicted: the user finds the task too hard, Interaction: {'predicate': 'the user is fussy about the task details', 'context': 'Cooking Play', 'phrases': [{'role': 'user', 'content': 'I cannot stop! The dough is not smooth yet!'}, {'role': 'assistant', 'content': 'you have been mixing for a while. Shall we clean up soon?'}]}
Index: 311, True: other, Predicted: the user finds the task too hard, Interaction: {'predicate': 'the user is fussy about the task details', 'context': 'Completing a Puzzle', 'phrases': [{'role': 'user', 'content': 'I cannot stop! This last piece needs to fit!'}, {'role': 'assistant', 'content': 'you have been working on this for a long time. Should we pause?'}]}
Index: 316, True: other, Predicted: the user finds the task too hard, Interaction: {'predicate': 'the user is fussy about the task details', 'context': 'Completing a Maze', 'phrases': [{'role': 'user', 'content': 'I cannot stop! The lines are not matching the path!'}, {'role': 'assistant', 'content': 'you have been working on this maze for a while. How about a rest?'}]}
Index: 318, True: other, Predicted: the user finds the task too hard, Interaction: {'predicate': 'the user is fussy about the task details', 'context': 'Writing a Letter', 'phrases': [{'role': 'user', 'content': 'I cannot stop! My sentences are not looking neat yet!'}, {'role': 'assistant', 'content': 'you have been writing for a while. Should we pause for now?'}]}
Index: 328, True: other, Predicted: the user finds the task too hard, Interaction: {'predicate': 'the user is fussy about the task details', 'context': 'Solving a Puzzle', 'phrases': [{'role': 'user', 'content': 'I cannot stop! The pieces are not aligned yet!'}, {'role': 'assistant', 'content': 'you have been working on this for a while. Should we pause?'}]}
Index: 331, True: other, Predicted: the user finds the task too hard, Interaction: {'predicate': 'the user is fussy about the task details', 'context': 'Playing a Virtual Game', 'phrases': [{'role': 'user', 'content': 'I cannot stop! The boss fight is not going the way I want!'}, {'role': 'assistant', 'content': 'you have been playing for a while. How about a break soon?'}]}
Index: 333, True: other, Predicted: the user finds the task too hard, Interaction: {'predicate': 'the user is fussy about the task details', 'context': 'Writing a Story', 'phrases': [{'role': 'user', 'content': 'I cannot stop! The ending is not fitting together yet!'}, {'role': 'assistant', 'content': 'you have been working on this for a while. Should we take a break?'}]}
Index: 343, True: other, Predicted: the user finds the task too hard, Interaction: {'predicate': 'the user is fussy about the task details', 'context': 'Solving a Puzzle', 'phrases': [{'role': 'user', 'content': 'I cannot stop! The pieces are not aligned yet!'}, {'role': 'assistant', 'content': 'you have been working on this for a while. Should we pause?'}]}


